[debug] [2021-05-20T16:46:54.136Z] ----------------------------------------------------------------------
[debug] [2021-05-20T16:46:54.138Z] Command:       C:\Program Files\nodejs\node.exe C:\Users\Vikash\AppData\Roaming\npm\node_modules\firebase-tools\lib\bin\firebase.js init
[debug] [2021-05-20T16:46:54.139Z] CLI Version:   9.11.0
[debug] [2021-05-20T16:46:54.139Z] Platform:      win32
[debug] [2021-05-20T16:46:54.139Z] Node Version:  v14.16.1
[debug] [2021-05-20T16:46:54.140Z] Time:          Thu May 20 2021 22:16:54 GMT+0530 (India Standard Time)
[debug] [2021-05-20T16:46:54.140Z] ----------------------------------------------------------------------
[debug] 
[debug] [2021-05-20T16:46:54.149Z] > command requires scopes: ["email","openid","https://www.googleapis.com/auth/cloudplatformprojects.readonly","https://www.googleapis.com/auth/firebase","https://www.googleapis.com/auth/cloud-platform"]
[debug] [2021-05-20T16:46:54.150Z] > authorizing via signed-in user (vikash.hunt111@gmail.com)
[info] 
     ######## #### ########  ######## ########     ###     ######  ########
     ##        ##  ##     ## ##       ##     ##  ##   ##  ##       ##
     ######    ##  ########  ######   ########  #########  ######  ######
     ##        ##  ##    ##  ##       ##     ## ##     ##       ## ##
     ##       #### ##     ## ######## ########  ##     ##  ######  ########

You're about to initialize a Firebase project in this directory:

  C:\Users\Vikash\Desktop\clone-app\tinder\tinder-clone

Before we get started, keep in mind:

  * You are initializing in an existing Firebase project directory

